2021-12-04 05:01:07,547 DEBUG decos.py Была вызвана функция main c параметрами () , {}. Вызов из модуля __main__
2021-12-04 05:01:07,547 DEBUG decos.py Была вызвана функция config_load c параметрами () , {}. Вызов из модуля __main__
2021-12-04 05:01:07,548 DEBUG decos.py Была вызвана функция arg_parser c параметрами ('7777', '') , {}. Вызов из модуля __main__
2021-12-04 05:01:07,548 DEBUG server.py Инициализация парсера аргументов коммандной строки: ['/home/su/Projects/GeekBrains/data-base-and-PyQt/lesson_7/practice/server.py']
2021-12-04 05:01:07,550 DEBUG server.py Аргументы успешно загружены.
2021-12-04 05:01:07,604 INFO core.py Запущен сервер, порт для подключений: 7777 , адрес с которого принимаются подключения: . Если адрес не указан, принимаются соединения с любых адресов.
2021-12-04 05:04:49,120 DEBUG decos.py Была вызвана функция main c параметрами () , {}. Вызов из модуля __main__
2021-12-04 05:04:49,120 DEBUG decos.py Была вызвана функция config_load c параметрами () , {}. Вызов из модуля __main__
2021-12-04 05:04:49,121 DEBUG decos.py Была вызвана функция arg_parser c параметрами ('7777', '') , {}. Вызов из модуля __main__
2021-12-04 05:04:49,121 DEBUG server.py Инициализация парсера аргументов коммандной строки: ['/home/su/Projects/GeekBrains/data-base-and-PyQt/lesson_7/practice/server.py']
2021-12-04 05:04:49,129 DEBUG server.py Аргументы успешно загружены.
2021-12-04 05:04:49,176 INFO core.py Запущен сервер, порт для подключений: 7777 , адрес с которого принимаются подключения: . Если адрес не указан, принимаются соединения с любых адресов.
2021-12-04 05:05:49,064 DEBUG decos.py Была вызвана функция main c параметрами () , {}. Вызов из модуля __main__
2021-12-04 05:05:49,064 DEBUG decos.py Была вызвана функция config_load c параметрами () , {}. Вызов из модуля __main__
2021-12-04 05:05:49,068 DEBUG decos.py Была вызвана функция arg_parser c параметрами ('7777', '') , {}. Вызов из модуля __main__
2021-12-04 05:05:49,068 DEBUG server.py Инициализация парсера аргументов коммандной строки: ['/home/su/Projects/GeekBrains/data-base-and-PyQt/lesson_7/practice/server.py']
2021-12-04 05:05:49,072 DEBUG server.py Аргументы успешно загружены.
2021-12-04 05:05:49,115 INFO core.py Запущен сервер, порт для подключений: 7777 , адрес с которого принимаются подключения: . Если адрес не указан, принимаются соединения с любых адресов.
2021-12-04 05:08:39,626 DEBUG decos.py Была вызвана функция main c параметрами () , {}. Вызов из модуля __main__
2021-12-04 05:08:39,626 DEBUG decos.py Была вызвана функция config_load c параметрами () , {}. Вызов из модуля __main__
2021-12-04 05:08:39,627 DEBUG decos.py Была вызвана функция arg_parser c параметрами ('7777', '') , {}. Вызов из модуля __main__
2021-12-04 05:08:39,627 DEBUG server.py Инициализация парсера аргументов коммандной строки: ['/home/su/Projects/GeekBrains/data-base-and-PyQt/lesson_7/practice/server.py']
2021-12-04 05:08:39,629 DEBUG server.py Аргументы успешно загружены.
2021-12-04 05:08:39,686 INFO core.py Запущен сервер, порт для подключений: 7777 , адрес с которого принимаются подключения: . Если адрес не указан, принимаются соединения с любых адресов.
